Linked: (/home/ooboontoo/catkin_ws/devel/.private/pronto_msgs/include/pronto_msgs/IndexedMeasurement.h, /home/ooboontoo/catkin_ws/devel/include/pronto_msgs/IndexedMeasurement.h)
Linked: (/home/ooboontoo/catkin_ws/devel/.private/pronto_msgs/include/pronto_msgs/GPSData.h, /home/ooboontoo/catkin_ws/devel/include/pronto_msgs/GPSData.h)
Linked: (/home/ooboontoo/catkin_ws/devel/.private/pronto_msgs/include/pronto_msgs/LidarOdometryUpdate.h, /home/ooboontoo/catkin_ws/devel/include/pronto_msgs/LidarOdometryUpdate.h)
Linked: (/home/ooboontoo/catkin_ws/devel/.private/pronto_msgs/include/pronto_msgs/VelocityWithSigmaBounds.h, /home/ooboontoo/catkin_ws/devel/include/pronto_msgs/VelocityWithSigmaBounds.h)
Linked: (/home/ooboontoo/catkin_ws/devel/.private/pronto_msgs/include/pronto_msgs/QuadrupedForceTorqueSensors.h, /home/ooboontoo/catkin_ws/devel/include/pronto_msgs/QuadrupedForceTorqueSensors.h)
Linked: (/home/ooboontoo/catkin_ws/devel/.private/pronto_msgs/include/pronto_msgs/ControllerFootContact.h, /home/ooboontoo/catkin_ws/devel/include/pronto_msgs/ControllerFootContact.h)
Linked: (/home/ooboontoo/catkin_ws/devel/.private/pronto_msgs/include/pronto_msgs/FilterState.h, /home/ooboontoo/catkin_ws/devel/include/pronto_msgs/FilterState.h)
Linked: (/home/ooboontoo/catkin_ws/devel/.private/pronto_msgs/include/pronto_msgs/VisualOdometryUpdate.h, /home/ooboontoo/catkin_ws/devel/include/pronto_msgs/VisualOdometryUpdate.h)
Linked: (/home/ooboontoo/catkin_ws/devel/.private/pronto_msgs/include/pronto_msgs/QuadrupedStance.h, /home/ooboontoo/catkin_ws/devel/include/pronto_msgs/QuadrupedStance.h)
Linked: (/home/ooboontoo/catkin_ws/devel/.private/pronto_msgs/include/pronto_msgs/BipedForceTorqueSensors.h, /home/ooboontoo/catkin_ws/devel/include/pronto_msgs/BipedForceTorqueSensors.h)
Linked: (/home/ooboontoo/catkin_ws/devel/.private/pronto_msgs/lib/python2.7/dist-packages/pronto_msgs/__init__.py, /home/ooboontoo/catkin_ws/devel/lib/python2.7/dist-packages/pronto_msgs/__init__.py)
Linked: (/home/ooboontoo/catkin_ws/devel/.private/pronto_msgs/lib/python2.7/dist-packages/pronto_msgs/msg/_BipedForceTorqueSensors.py, /home/ooboontoo/catkin_ws/devel/lib/python2.7/dist-packages/pronto_msgs/msg/_BipedForceTorqueSensors.py)
Linked: (/home/ooboontoo/catkin_ws/devel/.private/pronto_msgs/lib/python2.7/dist-packages/pronto_msgs/msg/_VelocityWithSigmaBounds.py, /home/ooboontoo/catkin_ws/devel/lib/python2.7/dist-packages/pronto_msgs/msg/_VelocityWithSigmaBounds.py)
Linked: (/home/ooboontoo/catkin_ws/devel/.private/pronto_msgs/lib/python2.7/dist-packages/pronto_msgs/msg/_QuadrupedForceTorqueSensors.py, /home/ooboontoo/catkin_ws/devel/lib/python2.7/dist-packages/pronto_msgs/msg/_QuadrupedForceTorqueSensors.py)
Linked: (/home/ooboontoo/catkin_ws/devel/.private/pronto_msgs/lib/python2.7/dist-packages/pronto_msgs/msg/_ControllerFootContact.py, /home/ooboontoo/catkin_ws/devel/lib/python2.7/dist-packages/pronto_msgs/msg/_ControllerFootContact.py)
Linked: (/home/ooboontoo/catkin_ws/devel/.private/pronto_msgs/lib/python2.7/dist-packages/pronto_msgs/msg/_IndexedMeasurement.py, /home/ooboontoo/catkin_ws/devel/lib/python2.7/dist-packages/pronto_msgs/msg/_IndexedMeasurement.py)
Linked: (/home/ooboontoo/catkin_ws/devel/.private/pronto_msgs/lib/python2.7/dist-packages/pronto_msgs/msg/_GPSData.py, /home/ooboontoo/catkin_ws/devel/lib/python2.7/dist-packages/pronto_msgs/msg/_GPSData.py)
Linked: (/home/ooboontoo/catkin_ws/devel/.private/pronto_msgs/lib/python2.7/dist-packages/pronto_msgs/msg/_QuadrupedStance.py, /home/ooboontoo/catkin_ws/devel/lib/python2.7/dist-packages/pronto_msgs/msg/_QuadrupedStance.py)
Linked: (/home/ooboontoo/catkin_ws/devel/.private/pronto_msgs/lib/python2.7/dist-packages/pronto_msgs/msg/_LidarOdometryUpdate.py, /home/ooboontoo/catkin_ws/devel/lib/python2.7/dist-packages/pronto_msgs/msg/_LidarOdometryUpdate.py)
Linked: (/home/ooboontoo/catkin_ws/devel/.private/pronto_msgs/lib/python2.7/dist-packages/pronto_msgs/msg/__init__.py, /home/ooboontoo/catkin_ws/devel/lib/python2.7/dist-packages/pronto_msgs/msg/__init__.py)
Linked: (/home/ooboontoo/catkin_ws/devel/.private/pronto_msgs/lib/python2.7/dist-packages/pronto_msgs/msg/_VisualOdometryUpdate.py, /home/ooboontoo/catkin_ws/devel/lib/python2.7/dist-packages/pronto_msgs/msg/_VisualOdometryUpdate.py)
Linked: (/home/ooboontoo/catkin_ws/devel/.private/pronto_msgs/lib/python2.7/dist-packages/pronto_msgs/msg/_FilterState.py, /home/ooboontoo/catkin_ws/devel/lib/python2.7/dist-packages/pronto_msgs/msg/_FilterState.py)
Linked: (/home/ooboontoo/catkin_ws/devel/.private/pronto_msgs/lib/pkgconfig/pronto_msgs.pc, /home/ooboontoo/catkin_ws/devel/lib/pkgconfig/pronto_msgs.pc)
Linked: (/home/ooboontoo/catkin_ws/devel/.private/pronto_msgs/share/gennodejs/ros/pronto_msgs/_index.js, /home/ooboontoo/catkin_ws/devel/share/gennodejs/ros/pronto_msgs/_index.js)
Linked: (/home/ooboontoo/catkin_ws/devel/.private/pronto_msgs/share/gennodejs/ros/pronto_msgs/msg/_index.js, /home/ooboontoo/catkin_ws/devel/share/gennodejs/ros/pronto_msgs/msg/_index.js)
Linked: (/home/ooboontoo/catkin_ws/devel/.private/pronto_msgs/share/gennodejs/ros/pronto_msgs/msg/QuadrupedStance.js, /home/ooboontoo/catkin_ws/devel/share/gennodejs/ros/pronto_msgs/msg/QuadrupedStance.js)
Linked: (/home/ooboontoo/catkin_ws/devel/.private/pronto_msgs/share/gennodejs/ros/pronto_msgs/msg/LidarOdometryUpdate.js, /home/ooboontoo/catkin_ws/devel/share/gennodejs/ros/pronto_msgs/msg/LidarOdometryUpdate.js)
Linked: (/home/ooboontoo/catkin_ws/devel/.private/pronto_msgs/share/gennodejs/ros/pronto_msgs/msg/ControllerFootContact.js, /home/ooboontoo/catkin_ws/devel/share/gennodejs/ros/pronto_msgs/msg/ControllerFootContact.js)
Linked: (/home/ooboontoo/catkin_ws/devel/.private/pronto_msgs/share/gennodejs/ros/pronto_msgs/msg/VelocityWithSigmaBounds.js, /home/ooboontoo/catkin_ws/devel/share/gennodejs/ros/pronto_msgs/msg/VelocityWithSigmaBounds.js)
Linked: (/home/ooboontoo/catkin_ws/devel/.private/pronto_msgs/share/gennodejs/ros/pronto_msgs/msg/BipedForceTorqueSensors.js, /home/ooboontoo/catkin_ws/devel/share/gennodejs/ros/pronto_msgs/msg/BipedForceTorqueSensors.js)
Linked: (/home/ooboontoo/catkin_ws/devel/.private/pronto_msgs/share/gennodejs/ros/pronto_msgs/msg/QuadrupedForceTorqueSensors.js, /home/ooboontoo/catkin_ws/devel/share/gennodejs/ros/pronto_msgs/msg/QuadrupedForceTorqueSensors.js)
Linked: (/home/ooboontoo/catkin_ws/devel/.private/pronto_msgs/share/gennodejs/ros/pronto_msgs/msg/IndexedMeasurement.js, /home/ooboontoo/catkin_ws/devel/share/gennodejs/ros/pronto_msgs/msg/IndexedMeasurement.js)
Linked: (/home/ooboontoo/catkin_ws/devel/.private/pronto_msgs/share/gennodejs/ros/pronto_msgs/msg/FilterState.js, /home/ooboontoo/catkin_ws/devel/share/gennodejs/ros/pronto_msgs/msg/FilterState.js)
Linked: (/home/ooboontoo/catkin_ws/devel/.private/pronto_msgs/share/gennodejs/ros/pronto_msgs/msg/GPSData.js, /home/ooboontoo/catkin_ws/devel/share/gennodejs/ros/pronto_msgs/msg/GPSData.js)
Linked: (/home/ooboontoo/catkin_ws/devel/.private/pronto_msgs/share/gennodejs/ros/pronto_msgs/msg/VisualOdometryUpdate.js, /home/ooboontoo/catkin_ws/devel/share/gennodejs/ros/pronto_msgs/msg/VisualOdometryUpdate.js)
Linked: (/home/ooboontoo/catkin_ws/devel/.private/pronto_msgs/share/common-lisp/ros/pronto_msgs/msg/_package_QuadrupedStance.lisp, /home/ooboontoo/catkin_ws/devel/share/common-lisp/ros/pronto_msgs/msg/_package_QuadrupedStance.lisp)
Linked: (/home/ooboontoo/catkin_ws/devel/.private/pronto_msgs/share/common-lisp/ros/pronto_msgs/msg/_package_QuadrupedForceTorqueSensors.lisp, /home/ooboontoo/catkin_ws/devel/share/common-lisp/ros/pronto_msgs/msg/_package_QuadrupedForceTorqueSensors.lisp)
Linked: (/home/ooboontoo/catkin_ws/devel/.private/pronto_msgs/share/common-lisp/ros/pronto_msgs/msg/_package_LidarOdometryUpdate.lisp, /home/ooboontoo/catkin_ws/devel/share/common-lisp/ros/pronto_msgs/msg/_package_LidarOdometryUpdate.lisp)
Linked: (/home/ooboontoo/catkin_ws/devel/.private/pronto_msgs/share/common-lisp/ros/pronto_msgs/msg/BipedForceTorqueSensors.lisp, /home/ooboontoo/catkin_ws/devel/share/common-lisp/ros/pronto_msgs/msg/BipedForceTorqueSensors.lisp)
Linked: (/home/ooboontoo/catkin_ws/devel/.private/pronto_msgs/share/common-lisp/ros/pronto_msgs/msg/QuadrupedForceTorqueSensors.lisp, /home/ooboontoo/catkin_ws/devel/share/common-lisp/ros/pronto_msgs/msg/QuadrupedForceTorqueSensors.lisp)
Linked: (/home/ooboontoo/catkin_ws/devel/.private/pronto_msgs/share/common-lisp/ros/pronto_msgs/msg/ControllerFootContact.lisp, /home/ooboontoo/catkin_ws/devel/share/common-lisp/ros/pronto_msgs/msg/ControllerFootContact.lisp)
Linked: (/home/ooboontoo/catkin_ws/devel/.private/pronto_msgs/share/common-lisp/ros/pronto_msgs/msg/_package_BipedForceTorqueSensors.lisp, /home/ooboontoo/catkin_ws/devel/share/common-lisp/ros/pronto_msgs/msg/_package_BipedForceTorqueSensors.lisp)
Linked: (/home/ooboontoo/catkin_ws/devel/.private/pronto_msgs/share/common-lisp/ros/pronto_msgs/msg/_package_GPSData.lisp, /home/ooboontoo/catkin_ws/devel/share/common-lisp/ros/pronto_msgs/msg/_package_GPSData.lisp)
Linked: (/home/ooboontoo/catkin_ws/devel/.private/pronto_msgs/share/common-lisp/ros/pronto_msgs/msg/VisualOdometryUpdate.lisp, /home/ooboontoo/catkin_ws/devel/share/common-lisp/ros/pronto_msgs/msg/VisualOdometryUpdate.lisp)
Linked: (/home/ooboontoo/catkin_ws/devel/.private/pronto_msgs/share/common-lisp/ros/pronto_msgs/msg/LidarOdometryUpdate.lisp, /home/ooboontoo/catkin_ws/devel/share/common-lisp/ros/pronto_msgs/msg/LidarOdometryUpdate.lisp)
Linked: (/home/ooboontoo/catkin_ws/devel/.private/pronto_msgs/share/common-lisp/ros/pronto_msgs/msg/FilterState.lisp, /home/ooboontoo/catkin_ws/devel/share/common-lisp/ros/pronto_msgs/msg/FilterState.lisp)
Linked: (/home/ooboontoo/catkin_ws/devel/.private/pronto_msgs/share/common-lisp/ros/pronto_msgs/msg/_package_IndexedMeasurement.lisp, /home/ooboontoo/catkin_ws/devel/share/common-lisp/ros/pronto_msgs/msg/_package_IndexedMeasurement.lisp)
Linked: (/home/ooboontoo/catkin_ws/devel/.private/pronto_msgs/share/common-lisp/ros/pronto_msgs/msg/VelocityWithSigmaBounds.lisp, /home/ooboontoo/catkin_ws/devel/share/common-lisp/ros/pronto_msgs/msg/VelocityWithSigmaBounds.lisp)
Linked: (/home/ooboontoo/catkin_ws/devel/.private/pronto_msgs/share/common-lisp/ros/pronto_msgs/msg/QuadrupedStance.lisp, /home/ooboontoo/catkin_ws/devel/share/common-lisp/ros/pronto_msgs/msg/QuadrupedStance.lisp)
Linked: (/home/ooboontoo/catkin_ws/devel/.private/pronto_msgs/share/common-lisp/ros/pronto_msgs/msg/GPSData.lisp, /home/ooboontoo/catkin_ws/devel/share/common-lisp/ros/pronto_msgs/msg/GPSData.lisp)
Linked: (/home/ooboontoo/catkin_ws/devel/.private/pronto_msgs/share/common-lisp/ros/pronto_msgs/msg/pronto_msgs-msg.asd, /home/ooboontoo/catkin_ws/devel/share/common-lisp/ros/pronto_msgs/msg/pronto_msgs-msg.asd)
Linked: (/home/ooboontoo/catkin_ws/devel/.private/pronto_msgs/share/common-lisp/ros/pronto_msgs/msg/IndexedMeasurement.lisp, /home/ooboontoo/catkin_ws/devel/share/common-lisp/ros/pronto_msgs/msg/IndexedMeasurement.lisp)
Linked: (/home/ooboontoo/catkin_ws/devel/.private/pronto_msgs/share/common-lisp/ros/pronto_msgs/msg/_package_ControllerFootContact.lisp, /home/ooboontoo/catkin_ws/devel/share/common-lisp/ros/pronto_msgs/msg/_package_ControllerFootContact.lisp)
Linked: (/home/ooboontoo/catkin_ws/devel/.private/pronto_msgs/share/common-lisp/ros/pronto_msgs/msg/_package_FilterState.lisp, /home/ooboontoo/catkin_ws/devel/share/common-lisp/ros/pronto_msgs/msg/_package_FilterState.lisp)
Linked: (/home/ooboontoo/catkin_ws/devel/.private/pronto_msgs/share/common-lisp/ros/pronto_msgs/msg/_package.lisp, /home/ooboontoo/catkin_ws/devel/share/common-lisp/ros/pronto_msgs/msg/_package.lisp)
Linked: (/home/ooboontoo/catkin_ws/devel/.private/pronto_msgs/share/common-lisp/ros/pronto_msgs/msg/_package_VisualOdometryUpdate.lisp, /home/ooboontoo/catkin_ws/devel/share/common-lisp/ros/pronto_msgs/msg/_package_VisualOdometryUpdate.lisp)
Linked: (/home/ooboontoo/catkin_ws/devel/.private/pronto_msgs/share/common-lisp/ros/pronto_msgs/msg/_package_VelocityWithSigmaBounds.lisp, /home/ooboontoo/catkin_ws/devel/share/common-lisp/ros/pronto_msgs/msg/_package_VelocityWithSigmaBounds.lisp)
Linked: (/home/ooboontoo/catkin_ws/devel/.private/pronto_msgs/share/roseus/ros/pronto_msgs/manifest.l, /home/ooboontoo/catkin_ws/devel/share/roseus/ros/pronto_msgs/manifest.l)
Linked: (/home/ooboontoo/catkin_ws/devel/.private/pronto_msgs/share/roseus/ros/pronto_msgs/msg/IndexedMeasurement.l, /home/ooboontoo/catkin_ws/devel/share/roseus/ros/pronto_msgs/msg/IndexedMeasurement.l)
Linked: (/home/ooboontoo/catkin_ws/devel/.private/pronto_msgs/share/roseus/ros/pronto_msgs/msg/QuadrupedForceTorqueSensors.l, /home/ooboontoo/catkin_ws/devel/share/roseus/ros/pronto_msgs/msg/QuadrupedForceTorqueSensors.l)
Linked: (/home/ooboontoo/catkin_ws/devel/.private/pronto_msgs/share/roseus/ros/pronto_msgs/msg/VelocityWithSigmaBounds.l, /home/ooboontoo/catkin_ws/devel/share/roseus/ros/pronto_msgs/msg/VelocityWithSigmaBounds.l)
Linked: (/home/ooboontoo/catkin_ws/devel/.private/pronto_msgs/share/roseus/ros/pronto_msgs/msg/QuadrupedStance.l, /home/ooboontoo/catkin_ws/devel/share/roseus/ros/pronto_msgs/msg/QuadrupedStance.l)
Linked: (/home/ooboontoo/catkin_ws/devel/.private/pronto_msgs/share/roseus/ros/pronto_msgs/msg/FilterState.l, /home/ooboontoo/catkin_ws/devel/share/roseus/ros/pronto_msgs/msg/FilterState.l)
Linked: (/home/ooboontoo/catkin_ws/devel/.private/pronto_msgs/share/roseus/ros/pronto_msgs/msg/ControllerFootContact.l, /home/ooboontoo/catkin_ws/devel/share/roseus/ros/pronto_msgs/msg/ControllerFootContact.l)
Linked: (/home/ooboontoo/catkin_ws/devel/.private/pronto_msgs/share/roseus/ros/pronto_msgs/msg/BipedForceTorqueSensors.l, /home/ooboontoo/catkin_ws/devel/share/roseus/ros/pronto_msgs/msg/BipedForceTorqueSensors.l)
Linked: (/home/ooboontoo/catkin_ws/devel/.private/pronto_msgs/share/roseus/ros/pronto_msgs/msg/LidarOdometryUpdate.l, /home/ooboontoo/catkin_ws/devel/share/roseus/ros/pronto_msgs/msg/LidarOdometryUpdate.l)
Linked: (/home/ooboontoo/catkin_ws/devel/.private/pronto_msgs/share/roseus/ros/pronto_msgs/msg/VisualOdometryUpdate.l, /home/ooboontoo/catkin_ws/devel/share/roseus/ros/pronto_msgs/msg/VisualOdometryUpdate.l)
Linked: (/home/ooboontoo/catkin_ws/devel/.private/pronto_msgs/share/roseus/ros/pronto_msgs/msg/GPSData.l, /home/ooboontoo/catkin_ws/devel/share/roseus/ros/pronto_msgs/msg/GPSData.l)
Linked: (/home/ooboontoo/catkin_ws/devel/.private/pronto_msgs/share/pronto_msgs/cmake/pronto_msgsConfig.cmake, /home/ooboontoo/catkin_ws/devel/share/pronto_msgs/cmake/pronto_msgsConfig.cmake)
Linked: (/home/ooboontoo/catkin_ws/devel/.private/pronto_msgs/share/pronto_msgs/cmake/pronto_msgs-msg-extras.cmake, /home/ooboontoo/catkin_ws/devel/share/pronto_msgs/cmake/pronto_msgs-msg-extras.cmake)
Linked: (/home/ooboontoo/catkin_ws/devel/.private/pronto_msgs/share/pronto_msgs/cmake/pronto_msgsConfig-version.cmake, /home/ooboontoo/catkin_ws/devel/share/pronto_msgs/cmake/pronto_msgsConfig-version.cmake)
Linked: (/home/ooboontoo/catkin_ws/devel/.private/pronto_msgs/share/pronto_msgs/cmake/pronto_msgs-msg-paths.cmake, /home/ooboontoo/catkin_ws/devel/share/pronto_msgs/cmake/pronto_msgs-msg-paths.cmake)
