Determining if the pthread_create exist failed with the following output:
Change Dir: /home/ooboontoo/catkin_ws/build/eigen_utils_fftw/CMakeFiles/CMakeTmp

Run Build Command:"/usr/bin/make" "cmTC_5e28c/fast"
/usr/bin/make -f CMakeFiles/cmTC_5e28c.dir/build.make CMakeFiles/cmTC_5e28c.dir/build
make[1]: Entering directory '/home/ooboontoo/catkin_ws/build/eigen_utils_fftw/CMakeFiles/CMakeTmp'
Building C object CMakeFiles/cmTC_5e28c.dir/CheckSymbolExists.c.o
/usr/bin/cc    -o CMakeFiles/cmTC_5e28c.dir/CheckSymbolExists.c.o   -c /home/ooboontoo/catkin_ws/build/eigen_utils_fftw/CMakeFiles/CMakeTmp/CheckSymbolExists.c
Linking C executable cmTC_5e28c
/usr/bin/cmake -E cmake_link_script CMakeFiles/cmTC_5e28c.dir/link.txt --verbose=1
/usr/bin/cc      -rdynamic CMakeFiles/cmTC_5e28c.dir/CheckSymbolExists.c.o  -o cmTC_5e28c 
CMakeFiles/cmTC_5e28c.dir/CheckSymbolExists.c.o: In function `main':
CheckSymbolExists.c:(.text+0x1b): undefined reference to `pthread_create'
collect2: error: ld returned 1 exit status
CMakeFiles/cmTC_5e28c.dir/build.make:97: recipe for target 'cmTC_5e28c' failed
make[1]: *** [cmTC_5e28c] Error 1
make[1]: Leaving directory '/home/ooboontoo/catkin_ws/build/eigen_utils_fftw/CMakeFiles/CMakeTmp'
Makefile:126: recipe for target 'cmTC_5e28c/fast' failed
make: *** [cmTC_5e28c/fast] Error 2

File /home/ooboontoo/catkin_ws/build/eigen_utils_fftw/CMakeFiles/CMakeTmp/CheckSymbolExists.c:
/* */
#include <pthread.h>

int main(int argc, char** argv)
{
  (void)argv;
#ifndef pthread_create
  return ((int*)(&pthread_create))[argc];
#else
  (void)argc;
  return 0;
#endif
}

Determining if the function pthread_create exists in the pthreads failed with the following output:
Change Dir: /home/ooboontoo/catkin_ws/build/eigen_utils_fftw/CMakeFiles/CMakeTmp

Run Build Command:"/usr/bin/make" "cmTC_a2163/fast"
/usr/bin/make -f CMakeFiles/cmTC_a2163.dir/build.make CMakeFiles/cmTC_a2163.dir/build
make[1]: Entering directory '/home/ooboontoo/catkin_ws/build/eigen_utils_fftw/CMakeFiles/CMakeTmp'
Building C object CMakeFiles/cmTC_a2163.dir/CheckFunctionExists.c.o
/usr/bin/cc   -DCHECK_FUNCTION_EXISTS=pthread_create   -o CMakeFiles/cmTC_a2163.dir/CheckFunctionExists.c.o   -c /usr/share/cmake-3.10/Modules/CheckFunctionExists.c
Linking C executable cmTC_a2163
/usr/bin/cmake -E cmake_link_script CMakeFiles/cmTC_a2163.dir/link.txt --verbose=1
/usr/bin/cc  -DCHECK_FUNCTION_EXISTS=pthread_create    -rdynamic CMakeFiles/cmTC_a2163.dir/CheckFunctionExists.c.o  -o cmTC_a2163 -lpthreads 
/usr/bin/ld: cannot find -lpthreads
collect2: error: ld returned 1 exit status
CMakeFiles/cmTC_a2163.dir/build.make:97: recipe for target 'cmTC_a2163' failed
make[1]: *** [cmTC_a2163] Error 1
make[1]: Leaving directory '/home/ooboontoo/catkin_ws/build/eigen_utils_fftw/CMakeFiles/CMakeTmp'
Makefile:126: recipe for target 'cmTC_a2163/fast' failed
make: *** [cmTC_a2163/fast] Error 2


