Symlinking /home/ooboontoo/catkin_ws/devel/include/fovis_msgs/Stats.h
Symlinking /home/ooboontoo/catkin_ws/devel/include/fovis_msgs/VisualOdometryUpdate.h
Symlinking /home/ooboontoo/catkin_ws/devel/lib/python2.7/dist-packages/fovis_msgs/__init__.py
Symlinking /home/ooboontoo/catkin_ws/devel/lib/python2.7/dist-packages/fovis_msgs/msg/_Stats.py
Symlinking /home/ooboontoo/catkin_ws/devel/lib/python2.7/dist-packages/fovis_msgs/msg/__init__.py
Symlinking /home/ooboontoo/catkin_ws/devel/lib/python2.7/dist-packages/fovis_msgs/msg/_VisualOdometryUpdate.py
Symlinking /home/ooboontoo/catkin_ws/devel/lib/pkgconfig/fovis_msgs.pc
Symlinking /home/ooboontoo/catkin_ws/devel/share/gennodejs/ros/fovis_msgs/_index.js
Symlinking /home/ooboontoo/catkin_ws/devel/share/gennodejs/ros/fovis_msgs/msg/_index.js
Symlinking /home/ooboontoo/catkin_ws/devel/share/gennodejs/ros/fovis_msgs/msg/VisualOdometryUpdate.js
Symlinking /home/ooboontoo/catkin_ws/devel/share/gennodejs/ros/fovis_msgs/msg/Stats.js
Symlinking /home/ooboontoo/catkin_ws/devel/share/common-lisp/ros/fovis_msgs/msg/fovis_msgs-msg.asd
Symlinking /home/ooboontoo/catkin_ws/devel/share/common-lisp/ros/fovis_msgs/msg/Stats.lisp
Symlinking /home/ooboontoo/catkin_ws/devel/share/common-lisp/ros/fovis_msgs/msg/_package_Stats.lisp
Symlinking /home/ooboontoo/catkin_ws/devel/share/common-lisp/ros/fovis_msgs/msg/VisualOdometryUpdate.lisp
Symlinking /home/ooboontoo/catkin_ws/devel/share/common-lisp/ros/fovis_msgs/msg/_package.lisp
Symlinking /home/ooboontoo/catkin_ws/devel/share/common-lisp/ros/fovis_msgs/msg/_package_VisualOdometryUpdate.lisp
Symlinking /home/ooboontoo/catkin_ws/devel/share/roseus/ros/fovis_msgs/manifest.l
Symlinking /home/ooboontoo/catkin_ws/devel/share/roseus/ros/fovis_msgs/msg/Stats.l
Symlinking /home/ooboontoo/catkin_ws/devel/share/roseus/ros/fovis_msgs/msg/VisualOdometryUpdate.l
Symlinking /home/ooboontoo/catkin_ws/devel/share/fovis_msgs/cmake/fovis_msgsConfig-version.cmake
Symlinking /home/ooboontoo/catkin_ws/devel/share/fovis_msgs/cmake/fovis_msgs-msg-extras.cmake
Symlinking /home/ooboontoo/catkin_ws/devel/share/fovis_msgs/cmake/fovis_msgs-msg-paths.cmake
Symlinking /home/ooboontoo/catkin_ws/devel/share/fovis_msgs/cmake/fovis_msgsConfig.cmake
