[35m[1mScanning dependencies of target geometry_msgs_generate_messages_eus[0m
[  0%] Built target geometry_msgs_generate_messages_eus
[35m[1mScanning dependencies of target _fovis_msgs_generate_messages_check_deps_VisualOdometryUpdate[0m
[  0%] Built target _fovis_msgs_generate_messages_check_deps_VisualOdometryUpdate
[35m[1mScanning dependencies of target _fovis_msgs_generate_messages_check_deps_Stats[0m
[  0%] Built target _fovis_msgs_generate_messages_check_deps_Stats
[35m[1mScanning dependencies of target std_msgs_generate_messages_eus[0m
[  0%] Built target std_msgs_generate_messages_eus
[35m[1mScanning dependencies of target geometry_msgs_generate_messages_py[0m
[  0%] Built target geometry_msgs_generate_messages_py
[35m[1mScanning dependencies of target std_msgs_generate_messages_py[0m
[  0%] Built target std_msgs_generate_messages_py
[35m[1mScanning dependencies of target std_msgs_generate_messages_nodejs[0m
[  0%] Built target std_msgs_generate_messages_nodejs
[35m[1mScanning dependencies of target geometry_msgs_generate_messages_nodejs[0m
[  0%] Built target geometry_msgs_generate_messages_nodejs
[35m[1mScanning dependencies of target geometry_msgs_generate_messages_cpp[0m
[  0%] Built target geometry_msgs_generate_messages_cpp
[35m[1mScanning dependencies of target std_msgs_generate_messages_cpp[0m
[  0%] Built target std_msgs_generate_messages_cpp
[35m[1mScanning dependencies of target std_msgs_generate_messages_lisp[0m
[  0%] Built target std_msgs_generate_messages_lisp
[35m[1mScanning dependencies of target geometry_msgs_generate_messages_lisp[0m
[  0%] Built target geometry_msgs_generate_messages_lisp
[35m[1mScanning dependencies of target fovis_msgs_generate_messages_eus[0m
[  8%] [34m[1mGenerating EusLisp code from fovis_msgs/Stats.msg[0m
[ 16%] [34m[1mGenerating EusLisp code from fovis_msgs/VisualOdometryUpdate.msg[0m
[ 25%] [34m[1mGenerating EusLisp manifest code for fovis_msgs[0m
[ 25%] Built target fovis_msgs_generate_messages_eus
[35m[1mScanning dependencies of target fovis_msgs_generate_messages_py[0m
[ 33%] [34m[1mGenerating Python from MSG fovis_msgs/Stats[0m
[ 41%] [34m[1mGenerating Python from MSG fovis_msgs/VisualOdometryUpdate[0m
[ 50%] [34m[1mGenerating Python msg __init__.py for fovis_msgs[0m
[ 50%] Built target fovis_msgs_generate_messages_py
[35m[1mScanning dependencies of target fovis_msgs_generate_messages_nodejs[0m
[ 58%] [34m[1mGenerating Javascript code from fovis_msgs/Stats.msg[0m
[ 66%] [34m[1mGenerating Javascript code from fovis_msgs/VisualOdometryUpdate.msg[0m
[ 66%] Built target fovis_msgs_generate_messages_nodejs
[35m[1mScanning dependencies of target fovis_msgs_generate_messages_cpp[0m
[ 75%] [34m[1mGenerating C++ code from fovis_msgs/Stats.msg[0m
[ 83%] [34m[1mGenerating C++ code from fovis_msgs/VisualOdometryUpdate.msg[0m
[ 83%] Built target fovis_msgs_generate_messages_cpp
[35m[1mScanning dependencies of target fovis_msgs_generate_messages_lisp[0m
[ 91%] [34m[1mGenerating Lisp code from fovis_msgs/Stats.msg[0m
[100%] [34m[1mGenerating Lisp code from fovis_msgs/VisualOdometryUpdate.msg[0m
[100%] Built target fovis_msgs_generate_messages_lisp
[35m[1mScanning dependencies of target fovis_msgs_generate_messages[0m
[100%] Built target fovis_msgs_generate_messages
