Linked: (/home/ooboontoo/catkin_ws/devel/.private/fovis_msgs/include/fovis_msgs/Stats.h, /home/ooboontoo/catkin_ws/devel/include/fovis_msgs/Stats.h)
Linked: (/home/ooboontoo/catkin_ws/devel/.private/fovis_msgs/include/fovis_msgs/VisualOdometryUpdate.h, /home/ooboontoo/catkin_ws/devel/include/fovis_msgs/VisualOdometryUpdate.h)
Linked: (/home/ooboontoo/catkin_ws/devel/.private/fovis_msgs/lib/python2.7/dist-packages/fovis_msgs/__init__.py, /home/ooboontoo/catkin_ws/devel/lib/python2.7/dist-packages/fovis_msgs/__init__.py)
Linked: (/home/ooboontoo/catkin_ws/devel/.private/fovis_msgs/lib/python2.7/dist-packages/fovis_msgs/msg/_Stats.py, /home/ooboontoo/catkin_ws/devel/lib/python2.7/dist-packages/fovis_msgs/msg/_Stats.py)
Linked: (/home/ooboontoo/catkin_ws/devel/.private/fovis_msgs/lib/python2.7/dist-packages/fovis_msgs/msg/__init__.py, /home/ooboontoo/catkin_ws/devel/lib/python2.7/dist-packages/fovis_msgs/msg/__init__.py)
Linked: (/home/ooboontoo/catkin_ws/devel/.private/fovis_msgs/lib/python2.7/dist-packages/fovis_msgs/msg/_VisualOdometryUpdate.py, /home/ooboontoo/catkin_ws/devel/lib/python2.7/dist-packages/fovis_msgs/msg/_VisualOdometryUpdate.py)
Linked: (/home/ooboontoo/catkin_ws/devel/.private/fovis_msgs/lib/pkgconfig/fovis_msgs.pc, /home/ooboontoo/catkin_ws/devel/lib/pkgconfig/fovis_msgs.pc)
Linked: (/home/ooboontoo/catkin_ws/devel/.private/fovis_msgs/share/gennodejs/ros/fovis_msgs/_index.js, /home/ooboontoo/catkin_ws/devel/share/gennodejs/ros/fovis_msgs/_index.js)
Linked: (/home/ooboontoo/catkin_ws/devel/.private/fovis_msgs/share/gennodejs/ros/fovis_msgs/msg/_index.js, /home/ooboontoo/catkin_ws/devel/share/gennodejs/ros/fovis_msgs/msg/_index.js)
Linked: (/home/ooboontoo/catkin_ws/devel/.private/fovis_msgs/share/gennodejs/ros/fovis_msgs/msg/VisualOdometryUpdate.js, /home/ooboontoo/catkin_ws/devel/share/gennodejs/ros/fovis_msgs/msg/VisualOdometryUpdate.js)
Linked: (/home/ooboontoo/catkin_ws/devel/.private/fovis_msgs/share/gennodejs/ros/fovis_msgs/msg/Stats.js, /home/ooboontoo/catkin_ws/devel/share/gennodejs/ros/fovis_msgs/msg/Stats.js)
Linked: (/home/ooboontoo/catkin_ws/devel/.private/fovis_msgs/share/common-lisp/ros/fovis_msgs/msg/fovis_msgs-msg.asd, /home/ooboontoo/catkin_ws/devel/share/common-lisp/ros/fovis_msgs/msg/fovis_msgs-msg.asd)
Linked: (/home/ooboontoo/catkin_ws/devel/.private/fovis_msgs/share/common-lisp/ros/fovis_msgs/msg/Stats.lisp, /home/ooboontoo/catkin_ws/devel/share/common-lisp/ros/fovis_msgs/msg/Stats.lisp)
Linked: (/home/ooboontoo/catkin_ws/devel/.private/fovis_msgs/share/common-lisp/ros/fovis_msgs/msg/_package_Stats.lisp, /home/ooboontoo/catkin_ws/devel/share/common-lisp/ros/fovis_msgs/msg/_package_Stats.lisp)
Linked: (/home/ooboontoo/catkin_ws/devel/.private/fovis_msgs/share/common-lisp/ros/fovis_msgs/msg/VisualOdometryUpdate.lisp, /home/ooboontoo/catkin_ws/devel/share/common-lisp/ros/fovis_msgs/msg/VisualOdometryUpdate.lisp)
Linked: (/home/ooboontoo/catkin_ws/devel/.private/fovis_msgs/share/common-lisp/ros/fovis_msgs/msg/_package.lisp, /home/ooboontoo/catkin_ws/devel/share/common-lisp/ros/fovis_msgs/msg/_package.lisp)
Linked: (/home/ooboontoo/catkin_ws/devel/.private/fovis_msgs/share/common-lisp/ros/fovis_msgs/msg/_package_VisualOdometryUpdate.lisp, /home/ooboontoo/catkin_ws/devel/share/common-lisp/ros/fovis_msgs/msg/_package_VisualOdometryUpdate.lisp)
Linked: (/home/ooboontoo/catkin_ws/devel/.private/fovis_msgs/share/roseus/ros/fovis_msgs/manifest.l, /home/ooboontoo/catkin_ws/devel/share/roseus/ros/fovis_msgs/manifest.l)
Linked: (/home/ooboontoo/catkin_ws/devel/.private/fovis_msgs/share/roseus/ros/fovis_msgs/msg/Stats.l, /home/ooboontoo/catkin_ws/devel/share/roseus/ros/fovis_msgs/msg/Stats.l)
Linked: (/home/ooboontoo/catkin_ws/devel/.private/fovis_msgs/share/roseus/ros/fovis_msgs/msg/VisualOdometryUpdate.l, /home/ooboontoo/catkin_ws/devel/share/roseus/ros/fovis_msgs/msg/VisualOdometryUpdate.l)
Linked: (/home/ooboontoo/catkin_ws/devel/.private/fovis_msgs/share/fovis_msgs/cmake/fovis_msgsConfig-version.cmake, /home/ooboontoo/catkin_ws/devel/share/fovis_msgs/cmake/fovis_msgsConfig-version.cmake)
Linked: (/home/ooboontoo/catkin_ws/devel/.private/fovis_msgs/share/fovis_msgs/cmake/fovis_msgs-msg-extras.cmake, /home/ooboontoo/catkin_ws/devel/share/fovis_msgs/cmake/fovis_msgs-msg-extras.cmake)
Linked: (/home/ooboontoo/catkin_ws/devel/.private/fovis_msgs/share/fovis_msgs/cmake/fovis_msgs-msg-paths.cmake, /home/ooboontoo/catkin_ws/devel/share/fovis_msgs/cmake/fovis_msgs-msg-paths.cmake)
Linked: (/home/ooboontoo/catkin_ws/devel/.private/fovis_msgs/share/fovis_msgs/cmake/fovis_msgsConfig.cmake, /home/ooboontoo/catkin_ws/devel/share/fovis_msgs/cmake/fovis_msgsConfig.cmake)
