Determining if the pthread_create exist failed with the following output:
Change Dir: /home/ooboontoo/catkin_ws/build/pronto_anymal_b/CMakeFiles/CMakeTmp

Run Build Command:"/usr/bin/make" "cmTC_41225/fast"
/usr/bin/make -f CMakeFiles/cmTC_41225.dir/build.make CMakeFiles/cmTC_41225.dir/build
make[1]: Entering directory '/home/ooboontoo/catkin_ws/build/pronto_anymal_b/CMakeFiles/CMakeTmp'
Building C object CMakeFiles/cmTC_41225.dir/CheckSymbolExists.c.o
/usr/bin/cc    -o CMakeFiles/cmTC_41225.dir/CheckSymbolExists.c.o   -c /home/ooboontoo/catkin_ws/build/pronto_anymal_b/CMakeFiles/CMakeTmp/CheckSymbolExists.c
Linking C executable cmTC_41225
/usr/bin/cmake -E cmake_link_script CMakeFiles/cmTC_41225.dir/link.txt --verbose=1
/usr/bin/cc      -rdynamic CMakeFiles/cmTC_41225.dir/CheckSymbolExists.c.o  -o cmTC_41225 
CMakeFiles/cmTC_41225.dir/CheckSymbolExists.c.o: In function `main':
CheckSymbolExists.c:(.text+0x1b): undefined reference to `pthread_create'
collect2: error: ld returned 1 exit status
CMakeFiles/cmTC_41225.dir/build.make:97: recipe for target 'cmTC_41225' failed
make[1]: *** [cmTC_41225] Error 1
make[1]: Leaving directory '/home/ooboontoo/catkin_ws/build/pronto_anymal_b/CMakeFiles/CMakeTmp'
Makefile:126: recipe for target 'cmTC_41225/fast' failed
make: *** [cmTC_41225/fast] Error 2

File /home/ooboontoo/catkin_ws/build/pronto_anymal_b/CMakeFiles/CMakeTmp/CheckSymbolExists.c:
/* */
#include <pthread.h>

int main(int argc, char** argv)
{
  (void)argv;
#ifndef pthread_create
  return ((int*)(&pthread_create))[argc];
#else
  (void)argc;
  return 0;
#endif
}

Determining if the function pthread_create exists in the pthreads failed with the following output:
Change Dir: /home/ooboontoo/catkin_ws/build/pronto_anymal_b/CMakeFiles/CMakeTmp

Run Build Command:"/usr/bin/make" "cmTC_11d4e/fast"
/usr/bin/make -f CMakeFiles/cmTC_11d4e.dir/build.make CMakeFiles/cmTC_11d4e.dir/build
make[1]: Entering directory '/home/ooboontoo/catkin_ws/build/pronto_anymal_b/CMakeFiles/CMakeTmp'
Building C object CMakeFiles/cmTC_11d4e.dir/CheckFunctionExists.c.o
/usr/bin/cc   -DCHECK_FUNCTION_EXISTS=pthread_create   -o CMakeFiles/cmTC_11d4e.dir/CheckFunctionExists.c.o   -c /usr/share/cmake-3.10/Modules/CheckFunctionExists.c
Linking C executable cmTC_11d4e
/usr/bin/cmake -E cmake_link_script CMakeFiles/cmTC_11d4e.dir/link.txt --verbose=1
/usr/bin/cc  -DCHECK_FUNCTION_EXISTS=pthread_create    -rdynamic CMakeFiles/cmTC_11d4e.dir/CheckFunctionExists.c.o  -o cmTC_11d4e -lpthreads 
/usr/bin/ld: cannot find -lpthreads
collect2: error: ld returned 1 exit status
CMakeFiles/cmTC_11d4e.dir/build.make:97: recipe for target 'cmTC_11d4e' failed
make[1]: *** [cmTC_11d4e] Error 1
make[1]: Leaving directory '/home/ooboontoo/catkin_ws/build/pronto_anymal_b/CMakeFiles/CMakeTmp'
Makefile:126: recipe for target 'cmTC_11d4e/fast' failed
make: *** [cmTC_11d4e/fast] Error 2


