Determining if the pthread_create exist failed with the following output:
Change Dir: /home/ooboontoo/catkin_ws/build/fovis_ros/CMakeFiles/CMakeTmp

Run Build Command:"/usr/bin/make" "cmTC_bec5b/fast"
/usr/bin/make -f CMakeFiles/cmTC_bec5b.dir/build.make CMakeFiles/cmTC_bec5b.dir/build
make[1]: Entering directory '/home/ooboontoo/catkin_ws/build/fovis_ros/CMakeFiles/CMakeTmp'
Building C object CMakeFiles/cmTC_bec5b.dir/CheckSymbolExists.c.o
/usr/bin/cc    -o CMakeFiles/cmTC_bec5b.dir/CheckSymbolExists.c.o   -c /home/ooboontoo/catkin_ws/build/fovis_ros/CMakeFiles/CMakeTmp/CheckSymbolExists.c
Linking C executable cmTC_bec5b
/usr/bin/cmake -E cmake_link_script CMakeFiles/cmTC_bec5b.dir/link.txt --verbose=1
/usr/bin/cc      -rdynamic CMakeFiles/cmTC_bec5b.dir/CheckSymbolExists.c.o  -o cmTC_bec5b 
CMakeFiles/cmTC_bec5b.dir/CheckSymbolExists.c.o: In function `main':
CheckSymbolExists.c:(.text+0x1b): undefined reference to `pthread_create'
collect2: error: ld returned 1 exit status
CMakeFiles/cmTC_bec5b.dir/build.make:97: recipe for target 'cmTC_bec5b' failed
make[1]: *** [cmTC_bec5b] Error 1
make[1]: Leaving directory '/home/ooboontoo/catkin_ws/build/fovis_ros/CMakeFiles/CMakeTmp'
Makefile:126: recipe for target 'cmTC_bec5b/fast' failed
make: *** [cmTC_bec5b/fast] Error 2

File /home/ooboontoo/catkin_ws/build/fovis_ros/CMakeFiles/CMakeTmp/CheckSymbolExists.c:
/* */
#include <pthread.h>

int main(int argc, char** argv)
{
  (void)argv;
#ifndef pthread_create
  return ((int*)(&pthread_create))[argc];
#else
  (void)argc;
  return 0;
#endif
}

Determining if the function pthread_create exists in the pthreads failed with the following output:
Change Dir: /home/ooboontoo/catkin_ws/build/fovis_ros/CMakeFiles/CMakeTmp

Run Build Command:"/usr/bin/make" "cmTC_9353c/fast"
/usr/bin/make -f CMakeFiles/cmTC_9353c.dir/build.make CMakeFiles/cmTC_9353c.dir/build
make[1]: Entering directory '/home/ooboontoo/catkin_ws/build/fovis_ros/CMakeFiles/CMakeTmp'
Building C object CMakeFiles/cmTC_9353c.dir/CheckFunctionExists.c.o
/usr/bin/cc   -DCHECK_FUNCTION_EXISTS=pthread_create   -o CMakeFiles/cmTC_9353c.dir/CheckFunctionExists.c.o   -c /usr/share/cmake-3.10/Modules/CheckFunctionExists.c
Linking C executable cmTC_9353c
/usr/bin/cmake -E cmake_link_script CMakeFiles/cmTC_9353c.dir/link.txt --verbose=1
/usr/bin/cc  -DCHECK_FUNCTION_EXISTS=pthread_create    -rdynamic CMakeFiles/cmTC_9353c.dir/CheckFunctionExists.c.o  -o cmTC_9353c -lpthreads 
/usr/bin/ld: cannot find -lpthreads
collect2: error: ld returned 1 exit status
CMakeFiles/cmTC_9353c.dir/build.make:97: recipe for target 'cmTC_9353c' failed
make[1]: *** [cmTC_9353c] Error 1
make[1]: Leaving directory '/home/ooboontoo/catkin_ws/build/fovis_ros/CMakeFiles/CMakeTmp'
Makefile:126: recipe for target 'cmTC_9353c/fast' failed
make: *** [cmTC_9353c/fast] Error 2


