[36m--[0m Using CATKIN_DEVEL_PREFIX: /home/ooboontoo/catkin_ws/devel/.private/unitree_legged_real
[36m--[0m Using CMAKE_PREFIX_PATH: /home/ooboontoo/catkin_ws/devel;/opt/ros/melodic
[36m--[0m This workspace overlays: /home/ooboontoo/catkin_ws/devel;/opt/ros/melodic
[36m--[0m Found PythonInterp: /usr/bin/python2 (found suitable version "2.7.17", minimum required is "2")
[36m--[0m Using PYTHON_EXECUTABLE: /usr/bin/python2
[36m--[0m Using Debian Python package layout
[36m--[0m Using empy: /usr/bin/empy
[36m--[0m Using CATKIN_ENABLE_TESTING: ON
[36m--[0m Call enable_testing()
[36m--[0m Using CATKIN_TEST_RESULTS_DIR: /home/ooboontoo/catkin_ws/build/unitree_legged_real/test_results
[36m--[0m Found gtest sources under '/usr/src/googletest': gtests will be built
[36m--[0m Found gmock sources under '/usr/src/googletest': gmock will be built
[36m--[0m Found PythonInterp: /usr/bin/python2 (found version "2.7.17")
[36m--[0m Using Python nosetests: /usr/bin/nosetests-2.7
[36m--[0m catkin 0.7.29
[36m--[0m BUILD_SHARED_LIBS is on
[36m--[0m Using these message generators: gencpp;geneus;genlisp;gennodejs;genpy
[36m--[0m Configuring done
[31m[1mCMake Error[0m at /home/ooboontoo/catkin_ws/src/unitree_ros/unitree_legged_real/CMakeLists.txt:56 (add_executable):
  Cannot find source file:

    /examples/lcm_server.cpp

  Tried extensions .c .C .c++ .cc .cpp .cxx .m .M .mm .h .hh .h++ .hm .hpp
  .hxx .in .txx


CMake Error: CMake can not determine linker language for target: lcm_server_3_1
CMake Error: Cannot determine link language for target "lcm_server_3_1".
CMake Error: CMake can not determine linker language for target: lcm_server_3_2
CMake Error: Cannot determine link language for target "lcm_server_3_2".
[36m--[0m Generating done
[36m--[0m Build files have been written to: /home/ooboontoo/catkin_ws/build/unitree_legged_real
Makefile:1294: recipe for target 'cmake_check_build_system' failed
make: *** [cmake_check_build_system] Error 1
