Determining if the pthread_create exist failed with the following output:
Change Dir: /home/ooboontoo/catkin_ws/build/realsense2_description/CMakeFiles/CMakeTmp

Run Build Command:"/usr/bin/make" "cmTC_36a99/fast"
/usr/bin/make -f CMakeFiles/cmTC_36a99.dir/build.make CMakeFiles/cmTC_36a99.dir/build
make[1]: Entering directory '/home/ooboontoo/catkin_ws/build/realsense2_description/CMakeFiles/CMakeTmp'
Building C object CMakeFiles/cmTC_36a99.dir/CheckSymbolExists.c.o
/usr/bin/cc    -o CMakeFiles/cmTC_36a99.dir/CheckSymbolExists.c.o   -c /home/ooboontoo/catkin_ws/build/realsense2_description/CMakeFiles/CMakeTmp/CheckSymbolExists.c
Linking C executable cmTC_36a99
/usr/bin/cmake -E cmake_link_script CMakeFiles/cmTC_36a99.dir/link.txt --verbose=1
/usr/bin/cc      -rdynamic CMakeFiles/cmTC_36a99.dir/CheckSymbolExists.c.o  -o cmTC_36a99 
CMakeFiles/cmTC_36a99.dir/CheckSymbolExists.c.o: In function `main':
CheckSymbolExists.c:(.text+0x1b): undefined reference to `pthread_create'
collect2: error: ld returned 1 exit status
CMakeFiles/cmTC_36a99.dir/build.make:97: recipe for target 'cmTC_36a99' failed
make[1]: *** [cmTC_36a99] Error 1
make[1]: Leaving directory '/home/ooboontoo/catkin_ws/build/realsense2_description/CMakeFiles/CMakeTmp'
Makefile:126: recipe for target 'cmTC_36a99/fast' failed
make: *** [cmTC_36a99/fast] Error 2

File /home/ooboontoo/catkin_ws/build/realsense2_description/CMakeFiles/CMakeTmp/CheckSymbolExists.c:
/* */
#include <pthread.h>

int main(int argc, char** argv)
{
  (void)argv;
#ifndef pthread_create
  return ((int*)(&pthread_create))[argc];
#else
  (void)argc;
  return 0;
#endif
}

Determining if the function pthread_create exists in the pthreads failed with the following output:
Change Dir: /home/ooboontoo/catkin_ws/build/realsense2_description/CMakeFiles/CMakeTmp

Run Build Command:"/usr/bin/make" "cmTC_edbd7/fast"
/usr/bin/make -f CMakeFiles/cmTC_edbd7.dir/build.make CMakeFiles/cmTC_edbd7.dir/build
make[1]: Entering directory '/home/ooboontoo/catkin_ws/build/realsense2_description/CMakeFiles/CMakeTmp'
Building C object CMakeFiles/cmTC_edbd7.dir/CheckFunctionExists.c.o
/usr/bin/cc   -DCHECK_FUNCTION_EXISTS=pthread_create   -o CMakeFiles/cmTC_edbd7.dir/CheckFunctionExists.c.o   -c /usr/share/cmake-3.10/Modules/CheckFunctionExists.c
Linking C executable cmTC_edbd7
/usr/bin/cmake -E cmake_link_script CMakeFiles/cmTC_edbd7.dir/link.txt --verbose=1
/usr/bin/cc  -DCHECK_FUNCTION_EXISTS=pthread_create    -rdynamic CMakeFiles/cmTC_edbd7.dir/CheckFunctionExists.c.o  -o cmTC_edbd7 -lpthreads 
/usr/bin/ld: cannot find -lpthreads
collect2: error: ld returned 1 exit status
CMakeFiles/cmTC_edbd7.dir/build.make:97: recipe for target 'cmTC_edbd7' failed
make[1]: *** [cmTC_edbd7] Error 1
make[1]: Leaving directory '/home/ooboontoo/catkin_ws/build/realsense2_description/CMakeFiles/CMakeTmp'
Makefile:126: recipe for target 'cmTC_edbd7/fast' failed
make: *** [cmTC_edbd7/fast] Error 2


