Determining if the pthread_create exist failed with the following output:
Change Dir: /home/ooboontoo/catkin_ws/build/hector_nav_msgs/CMakeFiles/CMakeTmp

Run Build Command:"/usr/bin/make" "cmTC_b9961/fast"
/usr/bin/make -f CMakeFiles/cmTC_b9961.dir/build.make CMakeFiles/cmTC_b9961.dir/build
make[1]: Entering directory '/home/ooboontoo/catkin_ws/build/hector_nav_msgs/CMakeFiles/CMakeTmp'
Building C object CMakeFiles/cmTC_b9961.dir/CheckSymbolExists.c.o
/usr/bin/cc    -o CMakeFiles/cmTC_b9961.dir/CheckSymbolExists.c.o   -c /home/ooboontoo/catkin_ws/build/hector_nav_msgs/CMakeFiles/CMakeTmp/CheckSymbolExists.c
Linking C executable cmTC_b9961
/usr/bin/cmake -E cmake_link_script CMakeFiles/cmTC_b9961.dir/link.txt --verbose=1
/usr/bin/cc      -rdynamic CMakeFiles/cmTC_b9961.dir/CheckSymbolExists.c.o  -o cmTC_b9961 
CMakeFiles/cmTC_b9961.dir/CheckSymbolExists.c.o: In function `main':
CheckSymbolExists.c:(.text+0x1b): undefined reference to `pthread_create'
collect2: error: ld returned 1 exit status
CMakeFiles/cmTC_b9961.dir/build.make:97: recipe for target 'cmTC_b9961' failed
make[1]: *** [cmTC_b9961] Error 1
make[1]: Leaving directory '/home/ooboontoo/catkin_ws/build/hector_nav_msgs/CMakeFiles/CMakeTmp'
Makefile:126: recipe for target 'cmTC_b9961/fast' failed
make: *** [cmTC_b9961/fast] Error 2

File /home/ooboontoo/catkin_ws/build/hector_nav_msgs/CMakeFiles/CMakeTmp/CheckSymbolExists.c:
/* */
#include <pthread.h>

int main(int argc, char** argv)
{
  (void)argv;
#ifndef pthread_create
  return ((int*)(&pthread_create))[argc];
#else
  (void)argc;
  return 0;
#endif
}

Determining if the function pthread_create exists in the pthreads failed with the following output:
Change Dir: /home/ooboontoo/catkin_ws/build/hector_nav_msgs/CMakeFiles/CMakeTmp

Run Build Command:"/usr/bin/make" "cmTC_d0ebb/fast"
/usr/bin/make -f CMakeFiles/cmTC_d0ebb.dir/build.make CMakeFiles/cmTC_d0ebb.dir/build
make[1]: Entering directory '/home/ooboontoo/catkin_ws/build/hector_nav_msgs/CMakeFiles/CMakeTmp'
Building C object CMakeFiles/cmTC_d0ebb.dir/CheckFunctionExists.c.o
/usr/bin/cc   -DCHECK_FUNCTION_EXISTS=pthread_create   -o CMakeFiles/cmTC_d0ebb.dir/CheckFunctionExists.c.o   -c /usr/share/cmake-3.10/Modules/CheckFunctionExists.c
Linking C executable cmTC_d0ebb
/usr/bin/cmake -E cmake_link_script CMakeFiles/cmTC_d0ebb.dir/link.txt --verbose=1
/usr/bin/cc  -DCHECK_FUNCTION_EXISTS=pthread_create    -rdynamic CMakeFiles/cmTC_d0ebb.dir/CheckFunctionExists.c.o  -o cmTC_d0ebb -lpthreads 
/usr/bin/ld: cannot find -lpthreads
collect2: error: ld returned 1 exit status
CMakeFiles/cmTC_d0ebb.dir/build.make:97: recipe for target 'cmTC_d0ebb' failed
make[1]: *** [cmTC_d0ebb] Error 1
make[1]: Leaving directory '/home/ooboontoo/catkin_ws/build/hector_nav_msgs/CMakeFiles/CMakeTmp'
Makefile:126: recipe for target 'cmTC_d0ebb/fast' failed
make: *** [cmTC_d0ebb/fast] Error 2


