Determining if the pthread_create exist failed with the following output:
Change Dir: /home/ooboontoo/catkin_ws/build/unitree_legged_control/CMakeFiles/CMakeTmp

Run Build Command:"/usr/bin/make" "cmTC_a58de/fast"
/usr/bin/make -f CMakeFiles/cmTC_a58de.dir/build.make CMakeFiles/cmTC_a58de.dir/build
make[1]: Entering directory '/home/ooboontoo/catkin_ws/build/unitree_legged_control/CMakeFiles/CMakeTmp'
Building C object CMakeFiles/cmTC_a58de.dir/CheckSymbolExists.c.o
/usr/bin/cc    -o CMakeFiles/cmTC_a58de.dir/CheckSymbolExists.c.o   -c /home/ooboontoo/catkin_ws/build/unitree_legged_control/CMakeFiles/CMakeTmp/CheckSymbolExists.c
Linking C executable cmTC_a58de
/usr/bin/cmake -E cmake_link_script CMakeFiles/cmTC_a58de.dir/link.txt --verbose=1
/usr/bin/cc      -rdynamic CMakeFiles/cmTC_a58de.dir/CheckSymbolExists.c.o  -o cmTC_a58de 
CMakeFiles/cmTC_a58de.dir/CheckSymbolExists.c.o: In function `main':
CheckSymbolExists.c:(.text+0x1b): undefined reference to `pthread_create'
collect2: error: ld returned 1 exit status
CMakeFiles/cmTC_a58de.dir/build.make:97: recipe for target 'cmTC_a58de' failed
make[1]: *** [cmTC_a58de] Error 1
make[1]: Leaving directory '/home/ooboontoo/catkin_ws/build/unitree_legged_control/CMakeFiles/CMakeTmp'
Makefile:126: recipe for target 'cmTC_a58de/fast' failed
make: *** [cmTC_a58de/fast] Error 2

File /home/ooboontoo/catkin_ws/build/unitree_legged_control/CMakeFiles/CMakeTmp/CheckSymbolExists.c:
/* */
#include <pthread.h>

int main(int argc, char** argv)
{
  (void)argv;
#ifndef pthread_create
  return ((int*)(&pthread_create))[argc];
#else
  (void)argc;
  return 0;
#endif
}

Determining if the function pthread_create exists in the pthreads failed with the following output:
Change Dir: /home/ooboontoo/catkin_ws/build/unitree_legged_control/CMakeFiles/CMakeTmp

Run Build Command:"/usr/bin/make" "cmTC_70be5/fast"
/usr/bin/make -f CMakeFiles/cmTC_70be5.dir/build.make CMakeFiles/cmTC_70be5.dir/build
make[1]: Entering directory '/home/ooboontoo/catkin_ws/build/unitree_legged_control/CMakeFiles/CMakeTmp'
Building C object CMakeFiles/cmTC_70be5.dir/CheckFunctionExists.c.o
/usr/bin/cc   -DCHECK_FUNCTION_EXISTS=pthread_create   -o CMakeFiles/cmTC_70be5.dir/CheckFunctionExists.c.o   -c /usr/share/cmake-3.10/Modules/CheckFunctionExists.c
Linking C executable cmTC_70be5
/usr/bin/cmake -E cmake_link_script CMakeFiles/cmTC_70be5.dir/link.txt --verbose=1
/usr/bin/cc  -DCHECK_FUNCTION_EXISTS=pthread_create    -rdynamic CMakeFiles/cmTC_70be5.dir/CheckFunctionExists.c.o  -o cmTC_70be5 -lpthreads 
/usr/bin/ld: cannot find -lpthreads
collect2: error: ld returned 1 exit status
CMakeFiles/cmTC_70be5.dir/build.make:97: recipe for target 'cmTC_70be5' failed
make[1]: *** [cmTC_70be5] Error 1
make[1]: Leaving directory '/home/ooboontoo/catkin_ws/build/unitree_legged_control/CMakeFiles/CMakeTmp'
Makefile:126: recipe for target 'cmTC_70be5/fast' failed
make: *** [cmTC_70be5/fast] Error 2


