In file included from [01m[K/home/ooboontoo/catkin_ws/src/pronto_a1_demo/pronto_a1_commons/src/forward_kinematics.cpp:1:0[m[K:
[01m[K/home/ooboontoo/catkin_ws/src/pronto_a1_demo/pronto_a1_commons/include/pronto_a1_commons/forward_kinematics.hpp:38:24:[m[K [01;31m[Kerror: [m[K‘[01m[KHomogeneousTransforms[m[K’ in namespace ‘[01m[Kpronto::quadruped[m[K’ does not name a type
     pronto::quadruped::[01;31m[KHomogeneousTransforms[m[K ht_;
                        [01;31m[K^~~~~~~~~~~~~~~~~~~~~[m[K
[01m[K/home/ooboontoo/catkin_ws/src/pronto_a1_demo/pronto_a1_commons/src/forward_kinematics.cpp:[m[K In member function ‘[01m[Kvirtual iit::rbd::Vector3d pronto::a1::ForwardKinematics::getFootPosLF(const JointState&)[m[K’:
[01m[K/home/ooboontoo/catkin_ws/src/pronto_a1_demo/pronto_a1_commons/src/forward_kinematics.cpp:15:34:[m[K [01;31m[Kerror: [m[K‘[01m[Kht_[m[K’ was not declared in this scope
     return Utils::positionVector([01;31m[Kht_[m[K.fr_base_X_LF_FOOT(q));
                                  [01;31m[K^~~[m[K
[01m[K/home/ooboontoo/catkin_ws/src/pronto_a1_demo/pronto_a1_commons/src/forward_kinematics.cpp:[m[K In member function ‘[01m[Kvirtual iit::rbd::Vector3d pronto::a1::ForwardKinematics::getFootPosRF(const JointState&)[m[K’:
[01m[K/home/ooboontoo/catkin_ws/src/pronto_a1_demo/pronto_a1_commons/src/forward_kinematics.cpp:19:34:[m[K [01;31m[Kerror: [m[K‘[01m[Kht_[m[K’ was not declared in this scope
     return Utils::positionVector([01;31m[Kht_[m[K.fr_base_X_RF_FOOT(q));
                                  [01;31m[K^~~[m[K
[01m[K/home/ooboontoo/catkin_ws/src/pronto_a1_demo/pronto_a1_commons/src/forward_kinematics.cpp:[m[K In member function ‘[01m[Kvirtual iit::rbd::Vector3d pronto::a1::ForwardKinematics::getFootPosLH(const JointState&)[m[K’:
[01m[K/home/ooboontoo/catkin_ws/src/pronto_a1_demo/pronto_a1_commons/src/forward_kinematics.cpp:23:34:[m[K [01;31m[Kerror: [m[K‘[01m[Kht_[m[K’ was not declared in this scope
     return Utils::positionVector([01;31m[Kht_[m[K.fr_base_X_LH_FOOT(q));
                                  [01;31m[K^~~[m[K
[01m[K/home/ooboontoo/catkin_ws/src/pronto_a1_demo/pronto_a1_commons/src/forward_kinematics.cpp:[m[K In member function ‘[01m[Kvirtual iit::rbd::Vector3d pronto::a1::ForwardKinematics::getFootPosRH(const JointState&)[m[K’:
[01m[K/home/ooboontoo/catkin_ws/src/pronto_a1_demo/pronto_a1_commons/src/forward_kinematics.cpp:27:34:[m[K [01;31m[Kerror: [m[K‘[01m[Kht_[m[K’ was not declared in this scope
     return Utils::positionVector([01;31m[Kht_[m[K.fr_base_X_RH_FOOT(q));
                                  [01;31m[K^~~[m[K
[01m[K/home/ooboontoo/catkin_ws/src/pronto_a1_demo/pronto_a1_commons/src/forward_kinematics.cpp:[m[K In member function ‘[01m[Kvirtual pronto::quadruped::Matrix3d pronto::a1::ForwardKinematics::getFootOrientation(const JointState&, const LegID&)[m[K’:
[01m[K/home/ooboontoo/catkin_ws/src/pronto_a1_demo/pronto_a1_commons/src/forward_kinematics.cpp:49:34:[m[K [01;31m[Kerror: [m[K‘[01m[Kht_[m[K’ was not declared in this scope
         return Utils::rotationMx([01;31m[Kht_[m[K.fr_base_X_LF_FOOT);
                                  [01;31m[K^~~[m[K
In file included from [01m[K/home/ooboontoo/catkin_ws/src/pronto_a1_demo/pronto_a1_commons/include/pronto_a1_commons/feet_contact_forces.hpp:6:0[m[K,
                 from [01m[K/home/ooboontoo/catkin_ws/src/pronto_a1_demo/pronto_a1_commons/src/feet_contact_forces.cpp:1[m[K:
[01m[K/home/ooboontoo/catkin_ws/src/pronto_a1_demo/pronto_a1_commons/include/pronto_a1_commons/feet_jacobians.hpp:28:24:[m[K [01;31m[Kerror: [m[K‘[01m[KJacobians[m[K’ in namespace ‘[01m[Kpronto::quadruped[m[K’ does not name a type
     pronto::quadruped::[01;31m[KJacobians[m[K jacs_;
                        [01;31m[K^~~~~~~~~[m[K
In file included from [01m[K/home/ooboontoo/catkin_ws/src/pronto_a1_demo/pronto_a1_commons/src/feet_contact_forces.cpp:1:0[m[K:
[01m[K/home/ooboontoo/catkin_ws/src/pronto_a1_demo/pronto_a1_commons/include/pronto_a1_commons/feet_contact_forces.hpp:92:24:[m[K [01;31m[Kerror: [m[K‘[01m[Kdyn[m[K’ in namespace ‘[01m[Kpronto::quadruped[m[K’ does not name a type
     pronto::quadruped::[01;31m[Kdyn[m[K::InertiaProperties inertia_prop_;
                        [01;31m[K^~~[m[K
[01m[K/home/ooboontoo/catkin_ws/src/pronto_a1_demo/pronto_a1_commons/include/pronto_a1_commons/feet_contact_forces.hpp:93:24:[m[K [01;31m[Kerror: [m[K‘[01m[KMotionTransforms[m[K’ in namespace ‘[01m[Kpronto::quadruped[m[K’ does not name a type
     pronto::quadruped::[01;31m[KMotionTransforms[m[K motion_transf_;
                        [01;31m[K^~~~~~~~~~~~~~~~[m[K
[01m[K/home/ooboontoo/catkin_ws/src/pronto_a1_demo/pronto_a1_commons/include/pronto_a1_commons/feet_contact_forces.hpp:94:24:[m[K [01;31m[Kerror: [m[K‘[01m[KForceTransforms[m[K’ in namespace ‘[01m[Kpronto::quadruped[m[K’ does not name a type
     pronto::quadruped::[01;31m[KForceTransforms[m[K force_transf_;
                        [01;31m[K^~~~~~~~~~~~~~~[m[K
[01m[K/home/ooboontoo/catkin_ws/src/pronto_a1_demo/pronto_a1_commons/include/pronto_a1_commons/feet_contact_forces.hpp:95:24:[m[K [01;31m[Kerror: [m[K‘[01m[Kdyn[m[K’ in namespace ‘[01m[Kpronto::quadruped[m[K’ does not name a type
     pronto::quadruped::[01;31m[Kdyn[m[K::InverseDynamics inverse_dynamics_;
                        [01;31m[K^~~[m[K
[01m[K/home/ooboontoo/catkin_ws/src/pronto_a1_demo/pronto_a1_commons/include/pronto_a1_commons/feet_contact_forces.hpp:96:24:[m[K [01;31m[Kerror: [m[K‘[01m[Kdyn[m[K’ in namespace ‘[01m[Kpronto::quadruped[m[K’ does not name a type
     pronto::quadruped::[01;31m[Kdyn[m[K::JSIM jsim_;
                        [01;31m[K^~~[m[K
[01m[K/home/ooboontoo/catkin_ws/src/pronto_a1_demo/pronto_a1_commons/include/pronto_a1_commons/feet_contact_forces.hpp:[m[K In constructor ‘[01m[Kpronto::a1::FeetContactForces::FeetContactForces()[m[K’:
[01m[K/home/ooboontoo/catkin_ws/src/pronto_a1_demo/pronto_a1_commons/include/pronto_a1_commons/feet_contact_forces.hpp:22:9:[m[K [01;31m[Kerror: [m[Kclass ‘[01m[Kpronto::a1::FeetContactForces[m[K’ does not have any field named ‘[01m[Kinverse_dynamics_[m[K’
         [01;31m[Kinverse_dynamics_[m[K(inertia_prop_, motion_transf_),
         [01;31m[K^~~~~~~~~~~~~~~~~[m[K
[01m[K/home/ooboontoo/catkin_ws/src/pronto_a1_demo/pronto_a1_commons/include/pronto_a1_commons/feet_contact_forces.hpp:22:27:[m[K [01;31m[Kerror: [m[K‘[01m[Kinertia_prop_[m[K’ was not declared in this scope
         inverse_dynamics_([01;31m[Kinertia_prop_[m[K, motion_transf_),
                           [01;31m[K^~~~~~~~~~~~~[m[K
[01m[K/home/ooboontoo/catkin_ws/src/pronto_a1_demo/pronto_a1_commons/include/pronto_a1_commons/feet_contact_forces.hpp:22:42:[m[K [01;31m[Kerror: [m[K‘[01m[Kmotion_transf_[m[K’ was not declared in this scope
         inverse_dynamics_(inertia_prop_, [01;31m[Kmotion_transf_[m[K),
                                          [01;31m[K^~~~~~~~~~~~~~[m[K
[01m[K/home/ooboontoo/catkin_ws/src/pronto_a1_demo/pronto_a1_commons/include/pronto_a1_commons/feet_contact_forces.hpp:22:42:[m[K [01;36m[Knote: [m[Ksuggested alternative: ‘[01m[Ktowctrans_l[m[K’
         inverse_dynamics_(inertia_prop_, [01;36m[Kmotion_transf_[m[K),
                                          [01;36m[K^~~~~~~~~~~~~~[m[K
                                          [32m[Ktowctrans_l[m[K
[01m[K/home/ooboontoo/catkin_ws/src/pronto_a1_demo/pronto_a1_commons/include/pronto_a1_commons/feet_contact_forces.hpp:23:9:[m[K [01;31m[Kerror: [m[Kclass ‘[01m[Kpronto::a1::FeetContactForces[m[K’ does not have any field named ‘[01m[Kjsim_[m[K’
         [01;31m[Kjsim_[m[K(inertia_prop_, force_transf_)
         [01;31m[K^~~~~[m[K
[01m[K/home/ooboontoo/catkin_ws/src/pronto_a1_demo/pronto_a1_commons/include/pronto_a1_commons/feet_contact_forces.hpp:23:30:[m[K [01;31m[Kerror: [m[K‘[01m[Kforce_transf_[m[K’ was not declared in this scope
         jsim_(inertia_prop_, [01;31m[Kforce_transf_[m[K)
                              [01;31m[K^~~~~~~~~~~~~[m[K
[01m[K/home/ooboontoo/catkin_ws/src/pronto_a1_demo/pronto_a1_commons/include/pronto_a1_commons/feet_contact_forces.hpp:23:30:[m[K [01;36m[Knote: [m[Ksuggested alternative: ‘[01m[Ktowctrans_l[m[K’
         jsim_(inertia_prop_, [01;36m[Kforce_transf_[m[K)
                              [01;36m[K^~~~~~~~~~~~~[m[K
                              [32m[Ktowctrans_l[m[K
make[2]: *** [CMakeFiles/pronto_a1_commons.dir/src/forward_kinematics.cpp.o] Error 1
make[2]: *** Waiting for unfinished jobs....
[01m[K/home/ooboontoo/catkin_ws/src/pronto_a1_demo/pronto_a1_commons/src/feet_contact_forces.cpp:[m[K In member function ‘[01m[Kvirtual bool pronto::a1::FeetContactForces::getFootGRF(const JointState&, const JointState&, const JointState&, const Quaterniond&, const LegID&, pronto::a1::FeetContactForces::Vector3d&, const JointState&, const Vector3d&, const Vector3d&, const Vector3d&, const Vector3d&)[m[K’:
[01m[K/home/ooboontoo/catkin_ws/src/pronto_a1_demo/pronto_a1_commons/src/feet_contact_forces.cpp:45:5:[m[K [01;31m[Kerror: [m[K‘[01m[Kjsim_[m[K’ was not declared in this scope
     [01;31m[Kjsim_[m[K(q);
     [01;31m[K^~~~~[m[K
[01m[K/home/ooboontoo/catkin_ws/src/pronto_a1_demo/pronto_a1_commons/src/feet_contact_forces.cpp:50:5:[m[K [01;31m[Kerror: [m[K‘[01m[Kinverse_dynamics_[m[K’ was not declared in this scope
     [01;31m[Kinverse_dynamics_[m[K.id_fully_actuated(h_base,
     [01;31m[K^~~~~~~~~~~~~~~~~[m[K
make[2]: *** [CMakeFiles/pronto_a1_commons.dir/src/feet_contact_forces.cpp.o] Error 1
make[1]: *** [CMakeFiles/pronto_a1_commons.dir/all] Error 2
make: *** [all] Error 2
